<?xml version="1.0" encoding="UTF-8"?>
<!-- Generated by org.testng.reporters.JUnitReportReporter -->
<testsuite hostname="Amit" failures="0" tests="1" name="MobileTests.GleacBs" time="61.070" errors="1" timestamp="2022-08-16T13:46:21 IST" skipped="0">
  <testcase classname="MobileTests.GleacBs" name="run" time="61.070">
    <error message="An element could not be located on the page using the given search parameters. (WARNING: The server did not provide any stacktrace information)
Command duration or timeout: 0 milliseconds
For documentation on this error, please visit: https://www.seleniumhq.org/exceptions/no_such_element.html
Build info: version: &#039;3.141.59&#039;, revision: &#039;e82be7d358&#039;, time: &#039;2018-11-14T08:17:03&#039;
System info: host: &#039;AMIT&#039;, ip: &#039;192.168.1.3&#039;, os.name: &#039;Windows 10&#039;, os.arch: &#039;amd64&#039;, os.version: &#039;10.0&#039;, java.version: &#039;17.0.2&#039;
Driver info: io.appium.java_client.android.AndroidDriver
Capabilities {64bit: false, acceptSslCert: false, acceptSslCerts: false, adbExecTimeout: 120000, appActivity: com.leadsquared.app.SplashA..., appPackage: com.leadsquared.nextgen, automationName: uiautomator2, browserstack.appium_version: 1.17.0, browserstack.is_hub_canary: false, browserstack.minOSVersion: , buildName: Amit Appium Test, bundleID: com.leadsquared.nextgen, bundleId: com.leadsquared.nextgen, capabilities: {64bit: false, acceptSslCert: false, acceptSslCerts: false, adbExecTimeout: 120000, appActivity: com.leadsquared.app.SplashA..., appPackage: com.leadsquared.nextgen, automationName: uiautomator2, browserstack.appium_version: 1.17.0, browserstack.is_hub_canary: false, browserstack.minOSVersion: , buildName: Amit Appium Test, bundleID: com.leadsquared.nextgen, bundleId: com.leadsquared.nextgen, chromeOptions: {w3c: false}, chromedriverPort: 18085, chromedriverPorts: [[18155, 18165]], databaseEnabled: false, desired: {64bit: false, acceptSslCert: false, acceptSslCerts: false, adbExecTimeout: 120000, appActivity: com.leadsquared.app.SplashA..., appPackage: com.leadsquared.nextgen, automationName: uiautomator2, browserstack.appium_version: 1.17.0, browserstack.is_hub_canary: false, browserstack.minOSVersion: , buildName: Amit Appium Test, bundleID: com.leadsquared.nextgen, bundleId: com.leadsquared.nextgen, chromeOptions: {w3c: false}, chromedriverPort: 18085, chromedriverPorts: [[18155, 18165]], detected_language: selenium/3.141.59 (java win..., device: google pixel 6, deviceName: Android, disableSuppressAccessibilityService: true, enablePerformanceLogging: false, mobile: {browser: mobile, version: Google Pixel 6-12.0}, nativeWebScreenshot: true, newCommandTimeout: 0, new_bucketing: true, orig_os: android, osVersion: 12.0, os_version: 12.0, platform: ANDROID, platformName: Android, projectName: Amit Appium Project, realMobile: true, real_mobile: true, sessionName: Amit TestNg, skipServerInstallation: true, systemPort: 8205, udid: 23111FDF6004WN, uiautomator2ServerLaunchTimeout: 60000, version: }, detected_language: selenium/3.141.59 (java win..., device: google pixel 6, deviceApiLevel: 31, deviceManufacturer: Google, deviceModel: Pixel 6, deviceName: 23111FDF6004WN, deviceScreenDensity: 420, deviceScreenSize: 1080x2400, deviceUDID: 23111FDF6004WN, disableSuppressAccessibilityService: true, enablePerformanceLogging: false, javascriptEnabled: true, locationContextEnabled: false, mobile: {browser: mobile, version: Google Pixel 6-12.0}, nativeWebScreenshot: true, networkConnectionEnabled: true, newCommandTimeout: 0, new_bucketing: true, orig_os: android, osVersion: 12.0, os_version: 12.0, pixelRatio: 2.625, platform: ANDROID, platformName: Android, platformVersion: 12, projectName: Amit Appium Project, realMobile: true, real_mobile: true, sessionId: e24aea8447ba2cab229de4a1ca6..., sessionName: Amit TestNg, skipServerInstallation: true, statBarHeight: 124, systemPort: 8205, takesScreenshot: true, udid: 23111FDF6004WN, uiautomator2ServerLaunchTimeout: 60000, version: , viewportRect: {height: 2116, left: 0, top: 124, width: 1080}, warnings: {}, webStorageEnabled: false}, chromeOptions: {w3c: false}, chromedriverPort: 18085, chromedriverPorts: [[18155, 18165]], databaseEnabled: false, detected_language: selenium/3.141.59 (java win..., device: google pixel 6, deviceApiLevel: 31, deviceManufacturer: Google, deviceModel: Pixel 6, deviceName: 23111FDF6004WN, deviceScreenDensity: 420, deviceScreenSize: 1080x2400, deviceUDID: 23111FDF6004WN, disableSuppressAccessibilityService: true, enablePerformanceLogging: false, javascriptEnabled: true, locationContextEnabled: false, mobile: {browser: mobile, version: Google Pixel 6-12.0}, nativeWebScreenshot: true, networkConnectionEnabled: true, newCommandTimeout: 0, new_bucketing: true, orig_os: android, osVersion: 12.0, os_version: 12.0, pixelRatio: 2.625, platform: ANDROID, platformName: Android, platformVersion: 12, projectName: Amit Appium Project, realMobile: true, real_mobile: true, sessionId: e24aea8447ba2cab229de4a1ca6..., sessionName: Amit TestNg, skipServerInstallation: true, statBarHeight: 124, systemPort: 8205, takesScreenshot: true, udid: 23111FDF6004WN, uiautomator2ServerLaunchTimeout: 60000, version: , viewportRect: {height: 2116, left: 0, top: 124, width: 1080}, warnings: {}, webStorageEnabled: false}
Session ID: e24aea8447ba2cab229de4a1ca6f4c15dbfa785a
*** Element info: {Using=xpath, value=//android.widget.Button[@content-desc=&quot;Continue&quot;]}" type="org.openqa.selenium.NoSuchElementException">
      <![CDATA[org.openqa.selenium.NoSuchElementException: An element could not be located on the page using the given search parameters. (WARNING: The server did not provide any stacktrace information)
Command duration or timeout: 0 milliseconds
For documentation on this error, please visit: https://www.seleniumhq.org/exceptions/no_such_element.html
Build info: version: '3.141.59', revision: 'e82be7d358', time: '2018-11-14T08:17:03'
System info: host: 'AMIT', ip: '192.168.1.3', os.name: 'Windows 10', os.arch: 'amd64', os.version: '10.0', java.version: '17.0.2'
Driver info: io.appium.java_client.android.AndroidDriver
Capabilities {64bit: false, acceptSslCert: false, acceptSslCerts: false, adbExecTimeout: 120000, appActivity: com.leadsquared.app.SplashA..., appPackage: com.leadsquared.nextgen, automationName: uiautomator2, browserstack.appium_version: 1.17.0, browserstack.is_hub_canary: false, browserstack.minOSVersion: , buildName: Amit Appium Test, bundleID: com.leadsquared.nextgen, bundleId: com.leadsquared.nextgen, capabilities: {64bit: false, acceptSslCert: false, acceptSslCerts: false, adbExecTimeout: 120000, appActivity: com.leadsquared.app.SplashA..., appPackage: com.leadsquared.nextgen, automationName: uiautomator2, browserstack.appium_version: 1.17.0, browserstack.is_hub_canary: false, browserstack.minOSVersion: , buildName: Amit Appium Test, bundleID: com.leadsquared.nextgen, bundleId: com.leadsquared.nextgen, chromeOptions: {w3c: false}, chromedriverPort: 18085, chromedriverPorts: [[18155, 18165]], databaseEnabled: false, desired: {64bit: false, acceptSslCert: false, acceptSslCerts: false, adbExecTimeout: 120000, appActivity: com.leadsquared.app.SplashA..., appPackage: com.leadsquared.nextgen, automationName: uiautomator2, browserstack.appium_version: 1.17.0, browserstack.is_hub_canary: false, browserstack.minOSVersion: , buildName: Amit Appium Test, bundleID: com.leadsquared.nextgen, bundleId: com.leadsquared.nextgen, chromeOptions: {w3c: false}, chromedriverPort: 18085, chromedriverPorts: [[18155, 18165]], detected_language: selenium/3.141.59 (java win..., device: google pixel 6, deviceName: Android, disableSuppressAccessibilityService: true, enablePerformanceLogging: false, mobile: {browser: mobile, version: Google Pixel 6-12.0}, nativeWebScreenshot: true, newCommandTimeout: 0, new_bucketing: true, orig_os: android, osVersion: 12.0, os_version: 12.0, platform: ANDROID, platformName: Android, projectName: Amit Appium Project, realMobile: true, real_mobile: true, sessionName: Amit TestNg, skipServerInstallation: true, systemPort: 8205, udid: 23111FDF6004WN, uiautomator2ServerLaunchTimeout: 60000, version: }, detected_language: selenium/3.141.59 (java win..., device: google pixel 6, deviceApiLevel: 31, deviceManufacturer: Google, deviceModel: Pixel 6, deviceName: 23111FDF6004WN, deviceScreenDensity: 420, deviceScreenSize: 1080x2400, deviceUDID: 23111FDF6004WN, disableSuppressAccessibilityService: true, enablePerformanceLogging: false, javascriptEnabled: true, locationContextEnabled: false, mobile: {browser: mobile, version: Google Pixel 6-12.0}, nativeWebScreenshot: true, networkConnectionEnabled: true, newCommandTimeout: 0, new_bucketing: true, orig_os: android, osVersion: 12.0, os_version: 12.0, pixelRatio: 2.625, platform: ANDROID, platformName: Android, platformVersion: 12, projectName: Amit Appium Project, realMobile: true, real_mobile: true, sessionId: e24aea8447ba2cab229de4a1ca6..., sessionName: Amit TestNg, skipServerInstallation: true, statBarHeight: 124, systemPort: 8205, takesScreenshot: true, udid: 23111FDF6004WN, uiautomator2ServerLaunchTimeout: 60000, version: , viewportRect: {height: 2116, left: 0, top: 124, width: 1080}, warnings: {}, webStorageEnabled: false}, chromeOptions: {w3c: false}, chromedriverPort: 18085, chromedriverPorts: [[18155, 18165]], databaseEnabled: false, detected_language: selenium/3.141.59 (java win..., device: google pixel 6, deviceApiLevel: 31, deviceManufacturer: Google, deviceModel: Pixel 6, deviceName: 23111FDF6004WN, deviceScreenDensity: 420, deviceScreenSize: 1080x2400, deviceUDID: 23111FDF6004WN, disableSuppressAccessibilityService: true, enablePerformanceLogging: false, javascriptEnabled: true, locationContextEnabled: false, mobile: {browser: mobile, version: Google Pixel 6-12.0}, nativeWebScreenshot: true, networkConnectionEnabled: true, newCommandTimeout: 0, new_bucketing: true, orig_os: android, osVersion: 12.0, os_version: 12.0, pixelRatio: 2.625, platform: ANDROID, platformName: Android, platformVersion: 12, projectName: Amit Appium Project, realMobile: true, real_mobile: true, sessionId: e24aea8447ba2cab229de4a1ca6..., sessionName: Amit TestNg, skipServerInstallation: true, statBarHeight: 124, systemPort: 8205, takesScreenshot: true, udid: 23111FDF6004WN, uiautomator2ServerLaunchTimeout: 60000, version: , viewportRect: {height: 2116, left: 0, top: 124, width: 1080}, warnings: {}, webStorageEnabled: false}
Session ID: e24aea8447ba2cab229de4a1ca6f4c15dbfa785a
*** Element info: {Using=xpath, value=//android.widget.Button[@content-desc="Continue"]}
at java.base/jdk.internal.reflect.NativeConstructorAccessorImpl.newInstance0(Native Method)
at java.base/jdk.internal.reflect.NativeConstructorAccessorImpl.newInstance(NativeConstructorAccessorImpl.java:77)
at java.base/jdk.internal.reflect.DelegatingConstructorAccessorImpl.newInstance(DelegatingConstructorAccessorImpl.java:45)
at java.base/java.lang.reflect.Constructor.newInstanceWithCaller(Constructor.java:499)
at java.base/java.lang.reflect.Constructor.newInstance(Constructor.java:480)
at org.openqa.selenium.remote.ErrorHandler.createThrowable(ErrorHandler.java:214)
at org.openqa.selenium.remote.ErrorHandler.throwIfResponseFailed(ErrorHandler.java:166)
at org.openqa.selenium.remote.http.JsonHttpResponseCodec.reconstructValue(JsonHttpResponseCodec.java:40)
at org.openqa.selenium.remote.http.AbstractHttpResponseCodec.decode(AbstractHttpResponseCodec.java:80)
at org.openqa.selenium.remote.http.AbstractHttpResponseCodec.decode(AbstractHttpResponseCodec.java:44)
at org.openqa.selenium.remote.HttpCommandExecutor.execute(HttpCommandExecutor.java:158)
at io.appium.java_client.remote.AppiumCommandExecutor.execute(AppiumCommandExecutor.java:250)
at org.openqa.selenium.remote.RemoteWebDriver.execute(RemoteWebDriver.java:552)
at io.appium.java_client.DefaultGenericMobileDriver.execute(DefaultGenericMobileDriver.java:41)
at io.appium.java_client.AppiumDriver.execute(AppiumDriver.java:1)
at io.appium.java_client.android.AndroidDriver.execute(AndroidDriver.java:1)
at org.openqa.selenium.remote.RemoteWebDriver.findElement(RemoteWebDriver.java:323)
at io.appium.java_client.DefaultGenericMobileDriver.findElement(DefaultGenericMobileDriver.java:61)
at io.appium.java_client.AppiumDriver.findElement(AppiumDriver.java:1)
at io.appium.java_client.android.AndroidDriver.findElement(AndroidDriver.java:1)
at org.openqa.selenium.remote.RemoteWebDriver.findElementByXPath(RemoteWebDriver.java:428)
at io.appium.java_client.DefaultGenericMobileDriver.findElementByXPath(DefaultGenericMobileDriver.java:151)
at io.appium.java_client.AppiumDriver.findElementByXPath(AppiumDriver.java:1)
at io.appium.java_client.android.AndroidDriver.findElementByXPath(AndroidDriver.java:1)
at org.openqa.selenium.By$ByXPath.findElement(By.java:353)
at org.openqa.selenium.remote.RemoteWebDriver.findElement(RemoteWebDriver.java:315)
at io.appium.java_client.DefaultGenericMobileDriver.findElement(DefaultGenericMobileDriver.java:57)
at io.appium.java_client.AppiumDriver.findElement(AppiumDriver.java:1)
at io.appium.java_client.android.AndroidDriver.findElement(AndroidDriver.java:1)
at MobileTests.GleacBs.run(GleacBs.java:51)
at java.base/jdk.internal.reflect.NativeMethodAccessorImpl.invoke0(Native Method)
at java.base/jdk.internal.reflect.NativeMethodAccessorImpl.invoke(NativeMethodAccessorImpl.java:77)
at java.base/jdk.internal.reflect.DelegatingMethodAccessorImpl.invoke(DelegatingMethodAccessorImpl.java:43)
at java.base/java.lang.reflect.Method.invoke(Method.java:568)
at org.testng.internal.MethodInvocationHelper.invokeMethod(MethodInvocationHelper.java:133)
at org.testng.internal.TestInvoker.invokeMethod(TestInvoker.java:598)
at org.testng.internal.TestInvoker.invokeTestMethod(TestInvoker.java:173)
at org.testng.internal.MethodRunner.runInSequence(MethodRunner.java:46)
at org.testng.internal.TestInvoker$MethodInvocationAgent.invoke(TestInvoker.java:824)
at org.testng.internal.TestInvoker.invokeTestMethods(TestInvoker.java:146)
at org.testng.internal.TestMethodWorker.invokeTestMethods(TestMethodWorker.java:146)
at org.testng.internal.TestMethodWorker.run(TestMethodWorker.java:128)
at java.base/java.util.ArrayList.forEach(ArrayList.java:1511)
at org.testng.TestRunner.privateRun(TestRunner.java:794)
at org.testng.TestRunner.run(TestRunner.java:596)
at org.testng.SuiteRunner.runTest(SuiteRunner.java:377)
at org.testng.SuiteRunner.runSequentially(SuiteRunner.java:371)
at org.testng.SuiteRunner.privateRun(SuiteRunner.java:332)
at org.testng.SuiteRunner.run(SuiteRunner.java:276)
at org.testng.SuiteRunnerWorker.runSuite(SuiteRunnerWorker.java:53)
at org.testng.SuiteRunnerWorker.run(SuiteRunnerWorker.java:96)
at org.testng.TestNG.runSuitesSequentially(TestNG.java:1212)
at org.testng.TestNG.runSuitesLocally(TestNG.java:1134)
at org.testng.TestNG.runSuites(TestNG.java:1063)
at org.testng.TestNG.run(TestNG.java:1031)
at org.testng.remote.AbstractRemoteTestNG.run(AbstractRemoteTestNG.java:115)
at org.testng.remote.RemoteTestNG.initAndRun(RemoteTestNG.java:251)
at org.testng.remote.RemoteTestNG.main(RemoteTestNG.java:77)
]]>
    </error>
  </testcase> <!-- run -->
  <system-out/>
</testsuite> <!-- MobileTests.GleacBs -->
